 --- Nightly Restart Initiate --- Date is:
Tue Nov 18 18:13:55 MST 2014
 --- Nightly Restart Complete --- Date is:
Tue Nov 18 18:14:00 MST 2014
 --- Nightly Restart Initiate --- Date is:
Wed Nov 19 02:00:33 MST 2014
 --- Nightly Restart Complete --- Date is:
Wed Nov 19 02:00:37 MST 2014
 --- Nightly Restart Initiate --- Date is:
Thu Nov 20 02:00:27 MST 2014
 --- Nightly Restart Complete --- Date is:
Thu Nov 20 02:00:32 MST 2014
 --- Nightly Restart Initiate --- Date is:
Fri Nov 21 02:00:28 MST 2014
 --- Nightly Restart Complete --- Date is:
Fri Nov 21 02:00:32 MST 2014
 --- Nightly Restart Initiate --- Date is:
Sat Nov 22 02:00:23 MST 2014
 --- Nightly Restart Complete --- Date is:
Sat Nov 22 02:00:27 MST 2014
 --- Nightly Restart Initiate --- Date is:
Sun Nov 23 02:00:38 MST 2014
 --- Nightly Restart Complete --- Date is:
Sun Nov 23 02:00:43 MST 2014
 --- Nightly Restart Initiate --- Date is:
Mon Nov 24 02:00:40 MST 2014
 --- Nightly Restart Complete --- Date is:
Mon Nov 24 02:00:45 MST 2014
