starting rotate - Date is:
Tue Nov 18 18:13:28 MST 2014
root
tester
Tue Nov 18 18:13:45 MST 2014
Executing Query
Done Executing Query
starting rotate - Date is:
Wed Nov 19 02:00:01 MST 2014
root
tester
Wed Nov 19 02:00:21 MST 2014
Executing Query
Done Executing Query
starting rotate - Date is:
Thu Nov 20 02:00:01 MST 2014
root
tester
Thu Nov 20 02:00:21 MST 2014
Executing Query
Done Executing Query
starting rotate - Date is:
Fri Nov 21 02:00:01 MST 2014
root
tester
Fri Nov 21 02:00:20 MST 2014
Executing Query
Done Executing Query
starting rotate - Date is:
Sat Nov 22 02:00:01 MST 2014
root
tester
Sat Nov 22 02:00:20 MST 2014
Executing Query
Done Executing Query
starting rotate - Date is:
Sun Nov 23 02:00:01 MST 2014
root
tester
Sun Nov 23 02:00:21 MST 2014
Executing Query
Done Executing Query
starting rotate - Date is:
Mon Nov 24 02:00:01 MST 2014
root
tester
Mon Nov 24 02:00:21 MST 2014
Executing Query
Done Executing Query
